Flow report for mipsHardware
<<<<<<< HEAD
Wed Oct 09 17:40:02 2019
=======
Wed Oct 09 17:45:09 2019
>>>>>>> 1102ebb6945a4b53415577eff151244d7e7e508e
Quartus II 64-Bit Version 9.1 Build 350 03/24/2010 Service Pack 2 SJ Full Version


---------------------
; Table of Contents ;
---------------------
  1. Legal Notice
  2. Flow Summary
  3. Flow Settings
  4. Flow Non-Default Global Settings
  5. Flow Elapsed Time
  6. Flow OS Summary
  7. Flow Log



----------------
; Legal Notice ;
----------------
Copyright (C) 1991-2010 Altera Corporation
Your use of Altera Corporation's design tools, logic functions 
and other software and tools, and its AMPP partner logic 
functions, and any output files from any of the foregoing 
(including device programming or simulation files), and any 
associated documentation or information are expressly subject 
to the terms and conditions of the Altera Program License 
Subscription Agreement, Altera MegaCore Function License 
Agreement, or other applicable license agreement, including, 
without limitation, that your use is for the sole purpose of 
programming logic devices manufactured by Altera and sold by 
Altera or its authorized distributors.  Please refer to the 
applicable agreement for further details.



+-------------------------------------------------------------------------------+
; Flow Summary                                                                  ;
+-------------------------------+-----------------------------------------------+
<<<<<<< HEAD
; Flow Status                   ; Successful - Wed Oct 09 17:40:02 2019         ;
=======
; Flow Status                   ; Successful - Wed Oct 09 17:45:09 2019         ;
>>>>>>> 1102ebb6945a4b53415577eff151244d7e7e508e
; Quartus II 64-Bit Version     ; 9.1 Build 350 03/24/2010 SP 2 SJ Full Version ;
; Revision Name                 ; mipsHardware                                  ;
; Top-level Entity Name         ; schemeTest                                    ;
; Family                        ; Stratix II                                    ;
; Met timing requirements       ; Yes                                           ;
; Logic utilization             ; < 1 %                                         ;
;     Combinational ALUTs       ; 0 / 12,480 ( 0 % )                            ;
;     Dedicated logic registers ; 32 / 12,480 ( < 1 % )                         ;
; Total registers               ; 32                                            ;
; Total pins                    ; 67 / 343 ( 20 % )                             ;
; Total virtual pins            ; 0                                             ;
; Total block memory bits       ; 0 / 419,328 ( 0 % )                           ;
; DSP block 9-bit elements      ; 0 / 96 ( 0 % )                                ;
; Total PLLs                    ; 0 / 6 ( 0 % )                                 ;
; Total DLLs                    ; 0 / 2 ( 0 % )                                 ;
; Device                        ; EP2S15F484C3                                  ;
; Timing Models                 ; Final                                         ;
+-------------------------------+-----------------------------------------------+


+-----------------------------------------+
; Flow Settings                           ;
+-------------------+---------------------+
; Option            ; Setting             ;
+-------------------+---------------------+
<<<<<<< HEAD
; Start date & time ; 10/09/2019 17:39:53 ;
=======
; Start date & time ; 10/09/2019 17:45:02 ;
>>>>>>> 1102ebb6945a4b53415577eff151244d7e7e508e
; Main task         ; Compilation         ;
; Revision Name     ; mipsHardware        ;
+-------------------+---------------------+


<<<<<<< HEAD
+---------------------------------------------------------------------------------------------------------------------+
; Flow Non-Default Global Settings                                                                                    ;
+------------------------------------+---------------------------------+---------------+-------------+----------------+
; Assignment Name                    ; Value                           ; Default Value ; Entity Name ; Section Id     ;
+------------------------------------+---------------------------------+---------------+-------------+----------------+
; COMPILER_SIGNATURE_ID              ; 229335799397963.157065359316260 ; --            ; --          ; --             ;
; PARTITION_COLOR                    ; 16764057                        ; --            ; schemeTest  ; Top            ;
; PARTITION_NETLIST_TYPE             ; SOURCE                          ; --            ; schemeTest  ; Top            ;
; TOP_LEVEL_ENTITY                   ; schemeTest                      ; mipsHardware  ; --          ; --             ;
; USE_GENERATED_PHYSICAL_CONSTRAINTS ; Off                             ; --            ; --          ; eda_blast_fpga ;
+------------------------------------+---------------------------------+---------------+-------------+----------------+
=======
+-------------------------------------------------------------------------------------------------------------------------+
; Flow Non-Default Global Settings                                                                                        ;
+------------------------------------+---------------------------------+---------------+-----------------+----------------+
; Assignment Name                    ; Value                           ; Default Value ; Entity Name     ; Section Id     ;
+------------------------------------+---------------------------------+---------------+-----------------+----------------+
; COMPILER_SIGNATURE_ID              ; 229335799398768.157065390116936 ; --            ; --              ; --             ;
; PARTITION_COLOR                    ; 16764057                        ; --            ; unidadeControle ; Top            ;
; PARTITION_NETLIST_TYPE             ; SOURCE                          ; --            ; unidadeControle ; Top            ;
; TOP_LEVEL_ENTITY                   ; unidadeControle                 ; mipsHardware  ; --              ; --             ;
; USE_GENERATED_PHYSICAL_CONSTRAINTS ; Off                             ; --            ; --              ; eda_blast_fpga ;
+------------------------------------+---------------------------------+---------------+-----------------+----------------+
>>>>>>> 1102ebb6945a4b53415577eff151244d7e7e508e


+-----------------------------------------------------------------------------------------------------------------------------+
; Flow Elapsed Time                                                                                                           ;
+-------------------------+--------------+-------------------------+---------------------+------------------------------------+
; Module Name             ; Elapsed Time ; Average Processors Used ; Peak Virtual Memory ; Total CPU Time (on all processors) ;
+-------------------------+--------------+-------------------------+---------------------+------------------------------------+
<<<<<<< HEAD
; Analysis & Synthesis    ; 00:00:01     ; 1.0                     ; 4465 MB             ; 00:00:01                           ;
; Fitter                  ; 00:00:03     ; 1.0                     ; 4590 MB             ; 00:00:03                           ;
; Assembler               ; 00:00:02     ; 1.0                     ; 4419 MB             ; 00:00:01                           ;
; Classic Timing Analyzer ; 00:00:01     ; 1.0                     ; 4346 MB             ; 00:00:00                           ;
; Total                   ; 00:00:07     ; --                      ; --                  ; 00:00:05                           ;
=======
; Analysis & Synthesis    ; 00:00:01     ; 1.0                     ; 4458 MB             ; 00:00:01                           ;
; Fitter                  ; 00:00:03     ; 1.0                     ; 4587 MB             ; 00:00:03                           ;
; Assembler               ; 00:00:01     ; 1.0                     ; 4419 MB             ; 00:00:01                           ;
; Classic Timing Analyzer ; 00:00:00     ; 1.0                     ; 4344 MB             ; 00:00:00                           ;
; Total                   ; 00:00:05     ; --                      ; --                  ; 00:00:05                           ;
>>>>>>> 1102ebb6945a4b53415577eff151244d7e7e508e
+-------------------------+--------------+-------------------------+---------------------+------------------------------------+


+------------------------------------------------------------------------------------------+
; Flow OS Summary                                                                          ;
+-------------------------+------------------+---------------+------------+----------------+
; Module Name             ; Machine Hostname ; OS Name       ; OS Version ; Processor type ;
+-------------------------+------------------+---------------+------------+----------------+
; Analysis & Synthesis    ; G3C31            ; Windows Vista ; 6.2        ; x86_64         ;
; Fitter                  ; G3C31            ; Windows Vista ; 6.2        ; x86_64         ;
; Assembler               ; G3C31            ; Windows Vista ; 6.2        ; x86_64         ;
; Classic Timing Analyzer ; G3C31            ; Windows Vista ; 6.2        ; x86_64         ;
+-------------------------+------------------+---------------+------------+----------------+


------------
; Flow Log ;
------------
quartus_map --read_settings_files=on --write_settings_files=off mipsHardware -c mipsHardware
quartus_fit --read_settings_files=off --write_settings_files=off mipsHardware -c mipsHardware
quartus_asm --read_settings_files=off --write_settings_files=off mipsHardware -c mipsHardware
quartus_tan --read_settings_files=off --write_settings_files=off mipsHardware -c mipsHardware --timing_analysis_only



