Analysis & Synthesis report for mipsHardware
<<<<<<< HEAD
Wed Oct 09 17:39:54 2019
=======
Wed Oct 09 17:45:02 2019
>>>>>>> 1102ebb6945a4b53415577eff151244d7e7e508e
Quartus II 64-Bit Version 9.1 Build 350 03/24/2010 Service Pack 2 SJ Full Version


---------------------
; Table of Contents ;
---------------------
  1. Legal Notice
  2. Analysis & Synthesis Summary
  3. Analysis & Synthesis Settings
  4. Parallel Compilation
  5. Analysis & Synthesis Source Files Read
  6. Analysis & Synthesis Resource Usage Summary
  7. Analysis & Synthesis Resource Utilization by Entity
  8. General Register Statistics
  9. Analysis & Synthesis Messages



----------------
; Legal Notice ;
----------------
Copyright (C) 1991-2010 Altera Corporation
Your use of Altera Corporation's design tools, logic functions 
and other software and tools, and its AMPP partner logic 
functions, and any output files from any of the foregoing 
(including device programming or simulation files), and any 
associated documentation or information are expressly subject 
to the terms and conditions of the Altera Program License 
Subscription Agreement, Altera MegaCore Function License 
Agreement, or other applicable license agreement, including, 
without limitation, that your use is for the sole purpose of 
programming logic devices manufactured by Altera and sold by 
Altera or its authorized distributors.  Please refer to the 
applicable agreement for further details.



+-------------------------------------------------------------------------------+
; Analysis & Synthesis Summary                                                  ;
+-------------------------------+-----------------------------------------------+
<<<<<<< HEAD
; Analysis & Synthesis Status   ; Successful - Wed Oct 09 17:39:54 2019         ;
=======
; Analysis & Synthesis Status   ; Successful - Wed Oct 09 17:45:02 2019         ;
>>>>>>> 1102ebb6945a4b53415577eff151244d7e7e508e
; Quartus II 64-Bit Version     ; 9.1 Build 350 03/24/2010 SP 2 SJ Full Version ;
; Revision Name                 ; mipsHardware                                  ;
; Top-level Entity Name         ; schemeTest                                    ;
; Family                        ; Stratix II                                    ;
; Logic utilization             ; N/A                                           ;
;     Combinational ALUTs       ; 0                                             ;
;     Dedicated logic registers ; 32                                            ;
; Total registers               ; 32                                            ;
; Total pins                    ; 67                                            ;
; Total virtual pins            ; 0                                             ;
; Total block memory bits       ; 0                                             ;
; DSP block 9-bit elements      ; 0                                             ;
; Total PLLs                    ; 0                                             ;
; Total DLLs                    ; 0                                             ;
+-------------------------------+-----------------------------------------------+


+----------------------------------------------------------------------------------------------------------------------+
; Analysis & Synthesis Settings                                                                                        ;
+----------------------------------------------------------------------------+--------------------+--------------------+
; Option                                                                     ; Setting            ; Default Value      ;
+----------------------------------------------------------------------------+--------------------+--------------------+
; Top-level entity name                                                      ; schemeTest         ; mipsHardware       ;
; Family name                                                                ; Stratix II         ; Stratix II         ;
; Use Generated Physical Constraints File                                    ; Off                ;                    ;
; Use smart compilation                                                      ; Off                ; Off                ;
; Enable parallel Assembler and TimeQuest Timing Analyzer during compilation ; On                 ; On                 ;
; Enable compact report table                                                ; Off                ; Off                ;
; Restructure Multiplexers                                                   ; Auto               ; Auto               ;
; Create Debugging Nodes for IP Cores                                        ; Off                ; Off                ;
; Preserve fewer node names                                                  ; On                 ; On                 ;
; Disable OpenCore Plus hardware evaluation                                  ; Off                ; Off                ;
; Verilog Version                                                            ; Verilog_2001       ; Verilog_2001       ;
; VHDL Version                                                               ; VHDL_1993          ; VHDL_1993          ;
; State Machine Processing                                                   ; Auto               ; Auto               ;
; Safe State Machine                                                         ; Off                ; Off                ;
; Extract Verilog State Machines                                             ; On                 ; On                 ;
; Extract VHDL State Machines                                                ; On                 ; On                 ;
; Ignore Verilog initial constructs                                          ; Off                ; Off                ;
; Iteration limit for constant Verilog loops                                 ; 5000               ; 5000               ;
; Iteration limit for non-constant Verilog loops                             ; 250                ; 250                ;
; Add Pass-Through Logic to Inferred RAMs                                    ; On                 ; On                 ;
; Parallel Synthesis                                                         ; On                 ; On                 ;
; DSP Block Balancing                                                        ; Auto               ; Auto               ;
; NOT Gate Push-Back                                                         ; On                 ; On                 ;
; Power-Up Don't Care                                                        ; On                 ; On                 ;
; Remove Redundant Logic Cells                                               ; Off                ; Off                ;
; Remove Duplicate Registers                                                 ; On                 ; On                 ;
; Ignore CARRY Buffers                                                       ; Off                ; Off                ;
; Ignore CASCADE Buffers                                                     ; Off                ; Off                ;
; Ignore GLOBAL Buffers                                                      ; Off                ; Off                ;
; Ignore ROW GLOBAL Buffers                                                  ; Off                ; Off                ;
; Ignore LCELL Buffers                                                       ; Off                ; Off                ;
; Ignore SOFT Buffers                                                        ; On                 ; On                 ;
; Limit AHDL Integers to 32 Bits                                             ; Off                ; Off                ;
; Optimization Technique                                                     ; Balanced           ; Balanced           ;
; Carry Chain Length                                                         ; 70                 ; 70                 ;
; Auto Carry Chains                                                          ; On                 ; On                 ;
; Auto Open-Drain Pins                                                       ; On                 ; On                 ;
; Perform WYSIWYG Primitive Resynthesis                                      ; Off                ; Off                ;
; Auto ROM Replacement                                                       ; On                 ; On                 ;
; Auto RAM Replacement                                                       ; On                 ; On                 ;
; Auto DSP Block Replacement                                                 ; On                 ; On                 ;
; Auto Shift Register Replacement                                            ; Auto               ; Auto               ;
; Auto Clock Enable Replacement                                              ; On                 ; On                 ;
; Strict RAM Replacement                                                     ; Off                ; Off                ;
; Allow Synchronous Control Signals                                          ; On                 ; On                 ;
; Force Use of Synchronous Clear Signals                                     ; Off                ; Off                ;
; Auto RAM Block Balancing                                                   ; On                 ; On                 ;
; Auto RAM to Logic Cell Conversion                                          ; Off                ; Off                ;
; Auto Resource Sharing                                                      ; Off                ; Off                ;
; Allow Any RAM Size For Recognition                                         ; Off                ; Off                ;
; Allow Any ROM Size For Recognition                                         ; Off                ; Off                ;
; Allow Any Shift Register Size For Recognition                              ; Off                ; Off                ;
; Use LogicLock Constraints during Resource Balancing                        ; On                 ; On                 ;
; Ignore translate_off and synthesis_off directives                          ; Off                ; Off                ;
; Timing-Driven Synthesis                                                    ; Off                ; Off                ;
; Show Parameter Settings Tables in Synthesis Report                         ; On                 ; On                 ;
; Ignore Maximum Fan-Out Assignments                                         ; Off                ; Off                ;
; Synchronization Register Chain Length                                      ; 2                  ; 2                  ;
; PowerPlay Power Optimization                                               ; Normal compilation ; Normal compilation ;
; HDL message level                                                          ; Level2             ; Level2             ;
; Suppress Register Optimization Related Messages                            ; Off                ; Off                ;
; Number of Removed Registers Reported in Synthesis Report                   ; 5000               ; 5000               ;
; Number of Inverted Registers Reported in Synthesis Report                  ; 100                ; 100                ;
; Clock MUX Protection                                                       ; On                 ; On                 ;
; Auto Gated Clock Conversion                                                ; Off                ; Off                ;
; Block Design Naming                                                        ; Auto               ; Auto               ;
; SDC constraint protection                                                  ; Off                ; Off                ;
; Synthesis Effort                                                           ; Auto               ; Auto               ;
; Shift Register Replacement - Allow Asynchronous Clear Signal               ; On                 ; On                 ;
; Analysis & Synthesis Message Level                                         ; Medium             ; Medium             ;
; Disable Register Merging Across Hierarchies                                ; Auto               ; Auto               ;
; Resource Aware Inference For Block RAM                                     ; On                 ; On                 ;
+----------------------------------------------------------------------------+--------------------+--------------------+


+------------------------------------------+
; Parallel Compilation                     ;
+----------------------------+-------------+
; Processors                 ; Number      ;
+----------------------------+-------------+
; Number detected on machine ; 4           ;
; Maximum allowed            ; 4           ;
;                            ;             ;
; Average used               ; 1.00        ;
; Maximum used               ; 1           ;
;                            ;             ;
; Usage by Processor         ; % Time Used ;
;     1 processor            ; 100.0%      ;
;     2-4 processors         ;   0.0%      ;
+----------------------------+-------------+


<<<<<<< HEAD
+---------------------------------------------------------------------------------------------------------------------------------------------------------+
; Analysis & Synthesis Source Files Read                                                                                                                  ;
+----------------------------------+-----------------+------------------------------------+---------------------------------------------------------------+
; File Name with User-Entered Path ; Used in Netlist ; File Type                          ; File Name with Absolute Path                                  ;
+----------------------------------+-----------------+------------------------------------+---------------------------------------------------------------+
; Instr_Reg.vhd                    ; yes             ; User VHDL File                     ; E:/Users/absn2/Desktop/cpu_hardware/CPUQuartus/Instr_Reg.vhd  ;
; schemeTest.bdf                   ; yes             ; User Block Diagram/Schematic File  ; E:/Users/absn2/Desktop/cpu_hardware/CPUQuartus/schemeTest.bdf ;
+----------------------------------+-----------------+------------------------------------+---------------------------------------------------------------+
=======
+--------------------------------------------------------------------------------------------------------------------------------------------------------+
; Analysis & Synthesis Source Files Read                                                                                                                 ;
+----------------------------------+-----------------+------------------------------+--------------------------------------------------------------------+
; File Name with User-Entered Path ; Used in Netlist ; File Type                    ; File Name with Absolute Path                                       ;
+----------------------------------+-----------------+------------------------------+--------------------------------------------------------------------+
; unidadeControle.sv               ; yes             ; User SystemVerilog HDL File  ; E:/Users/fmln/Documents/cpu_hardware/CPUQuartus/unidadeControle.sv ;
+----------------------------------+-----------------+------------------------------+--------------------------------------------------------------------+
>>>>>>> 1102ebb6945a4b53415577eff151244d7e7e508e


+----------------------------------------------------------+
; Analysis & Synthesis Resource Usage Summary              ;
+-----------------------------------------------+----------+
; Resource                                      ; Usage    ;
+-----------------------------------------------+----------+
; Estimated ALUTs Used                          ; 0        ;
; Dedicated logic registers                     ; 32       ;
;                                               ;          ;
; Estimated ALUTs Unavailable                   ; 0        ;
;                                               ;          ;
; Total combinational functions                 ; 0        ;
; Combinational ALUT usage by number of inputs  ;          ;
;     -- 7 input functions                      ; 0        ;
;     -- 6 input functions                      ; 0        ;
;     -- 5 input functions                      ; 0        ;
;     -- 4 input functions                      ; 0        ;
;     -- <=3 input functions                    ; 0        ;
;                                               ;          ;
; Combinational ALUTs by mode                   ;          ;
;     -- normal mode                            ; 0        ;
;     -- extended LUT mode                      ; 0        ;
;     -- arithmetic mode                        ; 0        ;
;     -- shared arithmetic mode                 ; 0        ;
;                                               ;          ;
; Estimated ALUT/register pairs used            ; 32       ;
;                                               ;          ;
; Total registers                               ; 32       ;
;     -- Dedicated logic registers              ; 32       ;
;     -- I/O registers                          ; 0        ;
;                                               ;          ;
; Estimated ALMs:  partially or completely used ; 16       ;
;                                               ;          ;
; I/O pins                                      ; 67       ;
; Maximum fan-out node                          ; pin_name ;
; Maximum fan-out                               ; 32       ;
; Total fan-out                                 ; 160      ;
; Average fan-out                               ; 1.62     ;
+-----------------------------------------------+----------+


+------------------------------------------------------------------------------------------------------------------------------------------------------------------------------------------------------+
; Analysis & Synthesis Resource Utilization by Entity                                                                                                                                                  ;
+----------------------------+-------------------+--------------+-------------------+--------------+---------+-----------+-----------+------+--------------+----------------------------+--------------+
; Compilation Hierarchy Node ; LC Combinationals ; LC Registers ; Block Memory Bits ; DSP Elements ; DSP 9x9 ; DSP 18x18 ; DSP 36x36 ; Pins ; Virtual Pins ; Full Hierarchy Name        ; Library Name ;
+----------------------------+-------------------+--------------+-------------------+--------------+---------+-----------+-----------+------+--------------+----------------------------+--------------+
; |schemeTest                ; 0 (0)             ; 32 (0)       ; 0                 ; 0            ; 0       ; 0         ; 0         ; 67   ; 0            ; |schemeTest                ; work         ;
;    |Instr_Reg:inst|        ; 0 (0)             ; 32 (32)      ; 0                 ; 0            ; 0       ; 0         ; 0         ; 0    ; 0            ; |schemeTest|Instr_Reg:inst ;              ;
+----------------------------+-------------------+--------------+-------------------+--------------+---------+-----------+-----------+------+--------------+----------------------------+--------------+
Note: For table entries with two numbers listed, the numbers in parentheses indicate the number of resources of the given type used by the specific entity alone. The numbers listed outside of parentheses indicate the total resources of the given type used by the specific entity and all of its sub-entities in the hierarchy.


+------------------------------------------------------+
; General Register Statistics                          ;
+----------------------------------------------+-------+
; Statistic                                    ; Value ;
+----------------------------------------------+-------+
; Total registers                              ; 32    ;
; Number of registers using Synchronous Clear  ; 0     ;
; Number of registers using Synchronous Load   ; 0     ;
; Number of registers using Asynchronous Clear ; 32    ;
; Number of registers using Asynchronous Load  ; 0     ;
; Number of registers using Clock Enable       ; 32    ;
; Number of registers using Preset             ; 0     ;
+----------------------------------------------+-------+


+-------------------------------+
; Analysis & Synthesis Messages ;
+-------------------------------+
Info: *******************************************************************
Info: Running Quartus II 64-Bit Analysis & Synthesis
    Info: Version 9.1 Build 350 03/24/2010 Service Pack 2 SJ Full Version
<<<<<<< HEAD
    Info: Processing started: Wed Oct 09 17:39:53 2019
Info: Command: quartus_map --read_settings_files=on --write_settings_files=off mipsHardware -c mipsHardware
Info: Parallel compilation is enabled and will use 4 of the 4 processors detected
Info: Found 2 design units, including 1 entities, in source file registrador.vhd
    Info: Found design unit 1: Registrador-behavioral_arch
    Info: Found entity 1: Registrador
=======
    Info: Processing started: Wed Oct 09 17:45:01 2019
Info: Command: quartus_map --read_settings_files=on --write_settings_files=off mipsHardware -c mipsHardware
Info: Parallel compilation is enabled and will use 4 of the 4 processors detected
>>>>>>> 1102ebb6945a4b53415577eff151244d7e7e508e
Info: Found 2 design units, including 1 entities, in source file banco_reg.vhd
    Info: Found design unit 1: Banco_reg-behavioral_arch
    Info: Found entity 1: Banco_reg
Info: Found 2 design units, including 1 entities, in source file instr_reg.vhd
    Info: Found design unit 1: Instr_Reg-behavioral_arch
    Info: Found entity 1: Instr_Reg
Info: Found 3 design units, including 1 entities, in source file memoria.vhd
    Info: Found design unit 1: ram_constants
    Info: Found design unit 2: Memoria-behavioral_arch
    Info: Found entity 1: Memoria
Info: Found 2 design units, including 1 entities, in source file regdesloc.vhd
    Info: Found design unit 1: RegDesloc-behavioral_arch
    Info: Found entity 1: RegDesloc
<<<<<<< HEAD
=======
Info: Found 2 design units, including 1 entities, in source file registrador.vhd
    Info: Found design unit 1: Registrador-behavioral_arch
    Info: Found entity 1: Registrador
>>>>>>> 1102ebb6945a4b53415577eff151244d7e7e508e
Info: Found 2 design units, including 1 entities, in source file ula32.vhd
    Info: Found design unit 1: Ula32-behavioral
    Info: Found entity 1: Ula32
Info: Found 1 design units, including 1 entities, in source file unidadecontrole.sv
    Info: Found entity 1: unidadeControle
Info: Found 1 design units, including 1 entities, in source file schemehard.bdf
    Info: Found entity 1: schemeHard
<<<<<<< HEAD
Info: Found 1 design units, including 1 entities, in source file alusrca.sv
    Info: Found entity 1: aluSrcA
Info: Found 1 design units, including 1 entities, in source file alusrcb.sv
    Info: Found entity 1: aluSrcB
Info: Found 1 design units, including 1 entities, in source file pcsource.sv
    Info: Found entity 1: pcSource
Info: Found 1 design units, including 1 entities, in source file schemetest.bdf
    Info: Found entity 1: schemeTest
Info: Elaborating entity "schemeTest" for the top level hierarchy
Info: Elaborating entity "Instr_Reg" for hierarchy "Instr_Reg:inst"
Warning: Ignored assignments for entity "mipsHardware" -- entity does not exist in design
    Warning: Assignment for entity set_global_assignment -name LL_ROOT_REGION ON -entity mipsHardware -section_id "Root Region" was ignored
    Warning: Assignment for entity set_global_assignment -name LL_MEMBER_STATE LOCKED -entity mipsHardware -section_id "Root Region" was ignored
Info: Implemented 99 device resources after synthesis - the final resource count might be different
    Info: Implemented 35 input pins
    Info: Implemented 32 output pins
    Info: Implemented 32 logic cells
Info: Quartus II 64-Bit Analysis & Synthesis was successful. 0 errors, 3 warnings
    Info: Peak virtual memory: 4465 megabytes
    Info: Processing ended: Wed Oct 09 17:39:54 2019
=======
Info: Found 1 design units, including 1 entities, in source file iord.sv
    Info: Found entity 1: iord
Info: Found 1 design units, including 1 entities, in source file regdst.sv
    Info: Found entity 1: regDST
Info: Elaborating entity "unidadeControle" for the top level hierarchy
Warning (10034): Output port "sscontrol" at unidadeControle.sv(43) has no driver
Warning (10034): Output port "lscontrol" at unidadeControle.sv(44) has no driver
Warning (10034): Output port "iordmux" at unidadeControle.sv(47) has no driver
Warning (10034): Output port "regdst" at unidadeControle.sv(50) has no driver
Warning (10034): Output port "muxregdst" at unidadeControle.sv(53) has no driver
Warning (10034): Output port "muxmemtoreg" at unidadeControle.sv(54) has no driver
Warning (10034): Output port "muxalusrca" at unidadeControle.sv(56) has no driver
Warning (10034): Output port "muxalusrcb" at unidadeControle.sv(57) has no driver
Warning (10034): Output port "muxpcsource" at unidadeControle.sv(59) has no driver
Warning (10034): Output port "regwrite" at unidadeControle.sv(11) has no driver
Warning (10034): Output port "epcwrite" at unidadeControle.sv(12) has no driver
Warning (10034): Output port "irwrite" at unidadeControle.sv(13) has no driver
Warning (10034): Output port "memwrite" at unidadeControle.sv(16) has no driver
Warning (10034): Output port "memread" at unidadeControle.sv(17) has no driver
Warning (10034): Output port "memtoreg" at unidadeControle.sv(18) has no driver
Warning (10034): Output port "pcwrite" at unidadeControle.sv(21) has no driver
Warning (10034): Output port "pcwritecond" at unidadeControle.sv(22) has no driver
Warning (10034): Output port "aluop" at unidadeControle.sv(25) has no driver
Warning (10034): Output port "aluoutwrite" at unidadeControle.sv(26) has no driver
Warning (10034): Output port "hiwrite" at unidadeControle.sv(29) has no driver
Warning (10034): Output port "lowrite" at unidadeControle.sv(30) has no driver
Warning (10034): Output port "divby0" at unidadeControle.sv(31) has no driver
Warning (10034): Output port "xchgctrl" at unidadeControle.sv(34) has no driver
Warning (10034): Output port "expcontrol" at unidadeControle.sv(37) has no driver
Warning (10034): Output port "shiftcontrol" at unidadeControle.sv(40) has no driver
Warning (10034): Output port "muxhi" at unidadeControle.sv(48) has no driver
Warning (10034): Output port "muxlo" at unidadeControle.sv(49) has no driver
Warning (10034): Output port "muxshiftsrca" at unidadeControle.sv(51) has no driver
Warning (10034): Output port "muxshiftsrcb" at unidadeControle.sv(52) has no driver
Warning (10034): Output port "muxxxchgctrl" at unidadeControle.sv(55) has no driver
Warning: Output pins are stuck at VCC or GND
    Warning (13410): Pin "regwrite" is stuck at GND
    Warning (13410): Pin "epcwrite" is stuck at GND
    Warning (13410): Pin "irwrite" is stuck at GND
    Warning (13410): Pin "memwrite" is stuck at GND
    Warning (13410): Pin "memread" is stuck at GND
    Warning (13410): Pin "memtoreg" is stuck at GND
    Warning (13410): Pin "pcwrite" is stuck at GND
    Warning (13410): Pin "pcwritecond" is stuck at GND
    Warning (13410): Pin "aluop" is stuck at GND
    Warning (13410): Pin "aluoutwrite" is stuck at GND
    Warning (13410): Pin "hiwrite" is stuck at GND
    Warning (13410): Pin "lowrite" is stuck at GND
    Warning (13410): Pin "divby0" is stuck at GND
    Warning (13410): Pin "xchgctrl" is stuck at GND
    Warning (13410): Pin "expcontrol" is stuck at GND
    Warning (13410): Pin "shiftcontrol" is stuck at GND
    Warning (13410): Pin "sscontrol[0]" is stuck at GND
    Warning (13410): Pin "sscontrol[1]" is stuck at GND
    Warning (13410): Pin "lscontrol[0]" is stuck at GND
    Warning (13410): Pin "lscontrol[1]" is stuck at GND
    Warning (13410): Pin "iordmux[0]" is stuck at GND
    Warning (13410): Pin "iordmux[1]" is stuck at GND
    Warning (13410): Pin "iordmux[2]" is stuck at GND
    Warning (13410): Pin "iordmux[3]" is stuck at GND
    Warning (13410): Pin "muxhi" is stuck at GND
    Warning (13410): Pin "muxlo" is stuck at GND
    Warning (13410): Pin "regdst[0]" is stuck at GND
    Warning (13410): Pin "regdst[1]" is stuck at GND
    Warning (13410): Pin "regdst[2]" is stuck at GND
    Warning (13410): Pin "regdst[3]" is stuck at GND
    Warning (13410): Pin "muxshiftsrca" is stuck at GND
    Warning (13410): Pin "muxshiftsrcb" is stuck at GND
    Warning (13410): Pin "muxregdst[0]" is stuck at GND
    Warning (13410): Pin "muxregdst[1]" is stuck at GND
    Warning (13410): Pin "muxregdst[2]" is stuck at GND
    Warning (13410): Pin "muxregdst[3]" is stuck at GND
    Warning (13410): Pin "muxmemtoreg[0]" is stuck at GND
    Warning (13410): Pin "muxmemtoreg[1]" is stuck at GND
    Warning (13410): Pin "muxmemtoreg[2]" is stuck at GND
    Warning (13410): Pin "muxmemtoreg[3]" is stuck at GND
    Warning (13410): Pin "muxmemtoreg[4]" is stuck at GND
    Warning (13410): Pin "muxxxchgctrl" is stuck at GND
    Warning (13410): Pin "muxalusrca[0]" is stuck at GND
    Warning (13410): Pin "muxalusrca[1]" is stuck at GND
    Warning (13410): Pin "muxalusrcb[0]" is stuck at GND
    Warning (13410): Pin "muxalusrcb[1]" is stuck at GND
    Warning (13410): Pin "muxalusrcb[2]" is stuck at GND
    Warning (13410): Pin "muxpcsource[0]" is stuck at GND
    Warning (13410): Pin "muxpcsource[1]" is stuck at GND
    Warning (13410): Pin "muxpcsource[2]" is stuck at GND
Warning: Ignored assignments for entity "mipsHardware" -- entity does not exist in design
    Warning: Assignment for entity set_global_assignment -name LL_ROOT_REGION ON -entity mipsHardware -section_id "Root Region" was ignored
    Warning: Assignment for entity set_global_assignment -name LL_MEMBER_STATE LOCKED -entity mipsHardware -section_id "Root Region" was ignored
Warning: Design contains 18 input pin(s) that do not drive logic
    Warning (15610): No output dependent on input pin "clk"
    Warning (15610): No output dependent on input pin "shamt[0]"
    Warning (15610): No output dependent on input pin "shamt[1]"
    Warning (15610): No output dependent on input pin "shamt[2]"
    Warning (15610): No output dependent on input pin "shamt[3]"
    Warning (15610): No output dependent on input pin "shamt[4]"
    Warning (15610): No output dependent on input pin "funct[0]"
    Warning (15610): No output dependent on input pin "funct[1]"
    Warning (15610): No output dependent on input pin "funct[2]"
    Warning (15610): No output dependent on input pin "funct[3]"
    Warning (15610): No output dependent on input pin "funct[4]"
    Warning (15610): No output dependent on input pin "funct[5]"
    Warning (15610): No output dependent on input pin "op[0]"
    Warning (15610): No output dependent on input pin "op[1]"
    Warning (15610): No output dependent on input pin "op[2]"
    Warning (15610): No output dependent on input pin "op[3]"
    Warning (15610): No output dependent on input pin "op[4]"
    Warning (15610): No output dependent on input pin "op[5]"
Info: Implemented 68 device resources after synthesis - the final resource count might be different
    Info: Implemented 18 input pins
    Info: Implemented 50 output pins
Info: Quartus II 64-Bit Analysis & Synthesis was successful. 0 errors, 103 warnings
    Info: Peak virtual memory: 4458 megabytes
    Info: Processing ended: Wed Oct 09 17:45:02 2019
>>>>>>> 1102ebb6945a4b53415577eff151244d7e7e508e
    Info: Elapsed time: 00:00:01
    Info: Total CPU time (on all processors): 00:00:01


